0 verbose cli /Users/polite/.nvm/versions/node/v22.17.1/bin/node /Users/polite/.nvm/versions/node/v22.17.1/bin/npm
1 info using npm@10.9.2
2 info using node@v22.17.1
3 silly config load:file:/Users/polite/.nvm/versions/node/v22.17.1/lib/node_modules/npm/npmrc
4 silly config load:file:/Users/polite/AwesomeTicketSystem/AwesomeTicketSystem/frontend/.npmrc
5 silly config load:file:/Users/polite/.npmrc
6 silly config load:file:/Users/polite/.npm-global/etc/npmrc
7 verbose title npm run dev
8 verbose argv "run" "dev"
9 verbose logfile logs-max:10 dir:/Users/polite/AwesomeTicketSystem/AwesomeTicketSystem/frontend/prisma/C:UsersmynameAppDataRoamingnpm-cache/_logs/2025-07-16T18_31_21_305Z-
10 verbose logfile /Users/polite/AwesomeTicketSystem/AwesomeTicketSystem/frontend/prisma/C:UsersmynameAppDataRoamingnpm-cache/_logs/2025-07-16T18_31_21_305Z-debug-0.log
11 silly logfile done cleaning log files
12 http fetch GET 200 https://registry.npmjs.org/npm 351ms
13 verbose cwd /Users/polite/AwesomeTicketSystem/AwesomeTicketSystem/frontend/prisma
14 verbose os Darwin 21.6.0
15 verbose node v22.17.1
16 verbose npm  v10.9.2
17 notice
17 notice New [31mmajor[39m version of npm available! [31m10.9.2[39m -> [34m11.4.2[39m
17 notice Changelog: [34mhttps://github.com/npm/cli/releases/tag/v11.4.2[39m
17 notice To update run: [4mnpm install -g npm@11.4.2[24m
17 notice  { force: true, [Symbol(proc-log.meta)]: true }
18 verbose exit 0
19 info ok
